#
# A fatal error has been detected by the Java Runtime Environment:
#
#  EXCEPTION_ACCESS_VIOLATION (0xc0000005) at pc=0x00007ffe5380dbb6, pid=3740, tid=8100
#
# JRE version: Java(TM) SE Runtime Environment 18.9 (11.0.7+8) (build 11.0.7+8-LTS)
# Java VM: Java HotSpot(TM) 64-Bit Server VM 18.9 (11.0.7+8-LTS, mixed mode, tiered, compressed oops, g1 gc, windows-amd64)
# Problematic frame:
# V  [jvm.dll+0x19dbb6]
#
# No core dump will be written. Minidumps are not enabled by default on client versions of Windows
#
# If you would like to submit a bug report, please visit:
#   https://bugreport.java.com/bugreport/crash.jsp
#

---------------  S U M M A R Y ------------

Command Line: -Dcom.sun.management.jmxremote -Dcom.sun.management.jmxremote.port=49751 -Dcom.sun.management.jmxremote.authenticate=false -Dcom.sun.management.jmxremote.ssl=false -Djava.rmi.server.hostname=localhost -Dspring.jmx.enabled=true -Dspring.liveBeansView.mbeanDomain -Dspring.application.admin.enabled=true -XX:TieredStopAtLevel=1 -Dspring.boot.project.name=Local2Door -Dfile.encoding=UTF-8 com.app.local2door.Local2DoorApplication --spring.output.ansi.enabled=always

Host: Intel(R) Core(TM) i7-6700HQ CPU @ 2.60GHz, 8 cores, 7G,  Windows 10 , 64 bit Build 19041 (10.0.19041.1023)
Time: Mon Sep 20 17:16:40 2021 India Standard Time elapsed time: 7 seconds (0d 0h 0m 7s)

---------------  T H R E A D  ---------------

Current thread (0x000001fe275d7800):  GCTaskThread "GC Thread#1" [stack: 0x000000f151400000,0x000000f151500000] [id=8100]

Stack: [0x000000f151400000,0x000000f151500000],  sp=0x000000f1514ff388,  free space=1020k
Native frames: (J=compiled Java code, j=interpreted, Vv=VM code, C=native code)
V  [jvm.dll+0x19dbb6]


siginfo: EXCEPTION_ACCESS_VIOLATION (0xc0000005), reading address 0x0000000363197368


Register to memory mapping:

RIP=0x00007ffe5380dbb6 jvm.dll
RAX=0x0000000000000001 is an unknown value
RBX=0x0000000087338cd0 is pointing into object: java.lang.invoke.MethodType 
{0x0000000087338cc0} - klass: 'java/lang/invoke/MethodType'
RCX=0x0000000088045c48 is pointing into object: [B 
{0x0000000088045bf0} - klass: {type array byte}
 - length: 87
RDX=0x0000000088045c48 is pointing into object: [B 
{0x0000000088045bf0} - klass: {type array byte}
 - length: 87
RSP=0x000000f1514ff388 points into unknown readable memory: 4e 88 98 53 fe 7f 00 00
RBP=0x000001fe28ac87f0 points into unknown readable memory: d8 fb f1 53 fe 7f 00 00
RSI=0x000001fe28ac87f0 points into unknown readable memory: d8 fb f1 53 fe 7f 00 00
RDI=0x0000000000000001 is an unknown value
R8 =0x0000000088045c48 is pointing into object: [B 
{0x0000000088045bf0} - klass: {type array byte}
 - length: 87
R9 =0x0000000363197360 is an unknown value
R10=0x000000010000d1d8 is pointing into metadata
R11=0x0000000000000001 is an unknown value
R12=0x0 is NULL
R13=0x000000f1514ff648 points into unknown readable memory: 70 05 f2 53 fe 7f 00 00
R14=0x0000000088045c48 is pointing into object: [B 
{0x0000000088045bf0} - klass: {type array byte}
 - length: 87
R15=0x706d496570795479 is an unknown value


Registers:
RAX=0x0000000000000001, RBX=0x0000000087338cd0, RCX=0x0000000088045c48, RDX=0x0000000088045c48
RSP=0x000000f1514ff388, RBP=0x000001fe28ac87f0, RSI=0x000001fe28ac87f0, RDI=0x0000000000000001
R8 =0x0000000088045c48, R9 =0x0000000363197360, R10=0x000000010000d1d8, R11=0x0000000000000001
R12=0x0000000000000000, R13=0x000000f1514ff648, R14=0x0000000088045c48, R15=0x706d496570795479
RIP=0x00007ffe5380dbb6, EFLAGS=0x0000000000010206

Top of Stack: (sp=0x000000f1514ff388)
0x000000f1514ff388:   00007ffe5398884e 0000000087338cc0
0x000000f1514ff398:   000000008a045c68 0000000087338c01
0x000000f1514ff3a8:   0000000000000001 000001fe055f7cb0
0x000000f1514ff3b8:   00007ffe539d65d0 0000002883298bf0
0x000000f1514ff3c8:   0000000000000040 000001fe28ac87f0
0x000000f1514ff3d8:   0000000000000040 000001fe05566278
0x000000f1514ff3e8:   000000f1514ff648 0000000000000000
0x000000f1514ff3f8:   000001fe05566270 0000000000000100
0x000000f1514ff408:   00007ffe539865dd 000001fe05566270
0x000000f1514ff418:   00007ffe5399604e 000000000000000d
0x000000f1514ff428:   0000000087338cd0 0000000087338cd1
0x000000f1514ff438:   00007ffe53ccb8df 000000f1514ff4e0
0x000000f1514ff448:   000000000000000d 000000008295ec00
0x000000f1514ff458:   0000000000000040 0000000000000100
0x000000f1514ff468:   000000000000000a 000000f1514ff620
0x000000f1514ff478:   0000000000000003 000000f1514ff620 

Instructions: (pc=0x00007ffe5380dbb6)
0x00007ffe5380db96:   cc cc cc cc cc cc cc cc cc cc 48 8b 49 38 48 8b
0x00007ffe5380dba6:   01 48 ff 60 28 cc cc cc cc cc 4c 8b ca 48 8b d1
0x00007ffe5380dbb6:   45 8b 41 08 45 85 c0 7e 0e 41 f6 c0 01 75 56 41
0x00007ffe5380dbc6:   c1 f8 03 41 8b c0 c3 79 4c 80 3d 6b ed 8e 00 00 


Stack slot to memory mapping:
stack at sp + 0 slots: 0x00007ffe5398884e jvm.dll
stack at sp + 1 slots: 0x0000000087338cc0 is an oop: java.lang.invoke.MethodType 
{0x0000000087338cc0} - klass: 'java/lang/invoke/MethodType'
stack at sp + 2 slots: 0x000000008a045c68 is an oop: java.lang.invoke.MethodType 
{0x000000008a045c68} - klass: 'java/lang/invoke/MethodType'
stack at sp + 3 slots: 0x0000000087338c01 is pointing into object: java.lang.invoke.MethodType 
{0x0000000087338bf8} - klass: 'java/lang/invoke/MethodType'
stack at sp + 4 slots: 0x0000000000000001 is an unknown value
stack at sp + 5 slots: 0x000001fe055f7cb0 points into unknown readable memory: d0 74 f2 53 fe 7f 00 00
stack at sp + 6 slots: 0x00007ffe539d65d0 jvm.dll
stack at sp + 7 slots: 0x0000002883298bf0 is an unknown value


---------------  P R O C E S S  ---------------

Threads class SMR info:
_java_thread_list=0x000001fe288aee00, length=17, elements={
0x000001fe05582000, 0x000001fe26157000, 0x000001fe26162000, 0x000001fe26ad2800,
0x000001fe26ad3000, 0x000001fe2617b800, 0x000001fe26184000, 0x000001fe260eb800,
0x000001fe26c78800, 0x000001fe271a9000, 0x000001fe271d5000, 0x000001fe271f4800,
0x000001fe27658000, 0x000001fe2765e000, 0x000001fe28c37000, 0x000001fe28c35800,
0x000001fe28c38000
}

Java Threads: ( => current thread )
  0x000001fe05582000 JavaThread "main" [_thread_blocked, id=7612, stack(0x000000f150100000,0x000000f150200000)]
  0x000001fe26157000 JavaThread "Reference Handler" daemon [_thread_blocked, id=8504, stack(0x000000f150800000,0x000000f150900000)]
  0x000001fe26162000 JavaThread "Finalizer" daemon [_thread_blocked, id=10328, stack(0x000000f150900000,0x000000f150a00000)]
  0x000001fe26ad2800 JavaThread "Signal Dispatcher" daemon [_thread_blocked, id=15856, stack(0x000000f150a00000,0x000000f150b00000)]
  0x000001fe26ad3000 JavaThread "Attach Listener" daemon [_thread_blocked, id=12768, stack(0x000000f150b00000,0x000000f150c00000)]
  0x000001fe2617b800 JavaThread "C1 CompilerThread0" daemon [_thread_blocked, id=4860, stack(0x000000f150c00000,0x000000f150d00000)]
  0x000001fe26184000 JavaThread "Sweeper thread" daemon [_thread_blocked, id=17800, stack(0x000000f150d00000,0x000000f150e00000)]
  0x000001fe260eb800 JavaThread "Common-Cleaner" daemon [_thread_blocked, id=15784, stack(0x000000f150e00000,0x000000f150f00000)]
  0x000001fe26c78800 JavaThread "Service Thread" daemon [_thread_blocked, id=10948, stack(0x000000f150f00000,0x000000f151000000)]
  0x000001fe271a9000 JavaThread "RMI TCP Accept-0" daemon [_thread_in_native, id=18004, stack(0x000000f151000000,0x000000f151100000)]
  0x000001fe271d5000 JavaThread "RMI TCP Accept-49751" daemon [_thread_in_native, id=4008, stack(0x000000f151100000,0x000000f151200000)]
  0x000001fe271f4800 JavaThread "RMI TCP Accept-0" daemon [_thread_in_native, id=7124, stack(0x000000f151200000,0x000000f151300000)]
  0x000001fe27658000 JavaThread "Thread-0" [_thread_blocked, id=4500, stack(0x000000f151600000,0x000000f151700000)]
  0x000001fe2765e000 JavaThread "restartedMain" [_thread_blocked, id=5832, stack(0x000000f151700000,0x000000f151800000)]
  0x000001fe28c37000 JavaThread "mysql-cj-abandoned-connection-cleanup" daemon [_thread_blocked, id=18028, stack(0x000000f151b00000,0x000000f151c00000)]
  0x000001fe28c35800 JavaThread "HikariPool-1 housekeeper" daemon [_thread_blocked, id=17796, stack(0x000000f152000000,0x000000f152100000)]
  0x000001fe28c38000 JavaThread "HikariPool-1 connection adder" daemon [_thread_blocked, id=8780, stack(0x000000f152100000,0x000000f152200000)]

Other Threads:
  0x000001fe26132800 VMThread "VM Thread" [stack: 0x000000f150700000,0x000000f150800000] [id=2076]
  0x000001fe271c6000 WatcherThread [stack: 0x000000f151300000,0x000000f151400000] [id=14424]
  0x000001fe0559a000 GCTaskThread "GC Thread#0" [stack: 0x000000f150200000,0x000000f150300000] [id=16048]
=>0x000001fe275d7800 GCTaskThread "GC Thread#1" [stack: 0x000000f151400000,0x000000f151500000] [id=8100]
  0x000001fe275d8000 GCTaskThread "GC Thread#2" [stack: 0x000000f151500000,0x000000f151600000] [id=11020]
  0x000001fe27664800 GCTaskThread "GC Thread#3" [stack: 0x000000f151800000,0x000000f151900000] [id=17676]
  0x000001fe27665000 GCTaskThread "GC Thread#4" [stack: 0x000000f151900000,0x000000f151a00000] [id=1948]
  0x000001fe28120800 GCTaskThread "GC Thread#5" [stack: 0x000000f151a00000,0x000000f151b00000] [id=5464]
  0x000001fe282c3000 GCTaskThread "GC Thread#6" [stack: 0x000000f151c00000,0x000000f151d00000] [id=14720]
  0x000001fe28303800 GCTaskThread "GC Thread#7" [stack: 0x000000f151d00000,0x000000f151e00000] [id=16700]
  0x000001fe055c9000 ConcurrentGCThread "G1 Main Marker" [stack: 0x000000f150300000,0x000000f150400000] [id=14884]
  0x000001fe055cb000 ConcurrentGCThread "G1 Conc#0" [stack: 0x000000f150400000,0x000000f150500000] [id=17540]
  0x000001fe2818d800 ConcurrentGCThread "G1 Conc#1" [stack: 0x000000f151e00000,0x000000f151f00000] [id=2704]
  0x000001fe25fa0800 ConcurrentGCThread "G1 Refine#0" [stack: 0x000000f150500000,0x000000f150600000] [id=9400]
  0x000001fe25fa1000 ConcurrentGCThread "G1 Young RemSet Sampling" [stack: 0x000000f150600000,0x000000f150700000] [id=14060]

Threads with active compile tasks:

VM state:at safepoint (normal execution)

VM Mutex/Monitor currently owned by a thread:  ([mutex/lock_event])
[0x000001fe0557b340] Threads_lock - owner thread: 0x000001fe26132800
[0x000001fe0557c0c0] Heap_lock - owner thread: 0x000001fe2765e000

Heap address: 0x0000000082800000, size: 2008 MB, Compressed Oops mode: 32-bit
Narrow klass base: 0x0000000000000000, Narrow klass shift: 3
Compressed class space size: 1073741824 Address: 0x0000000100000000

Heap:
 garbage-first heap   total 155648K, used 93256K [0x0000000082800000, 0x0000000100000000)
  region size 1024K, 80 young (81920K), 9 survivors (9216K)
 Metaspace       used 58697K, capacity 60198K, committed 60288K, reserved 1101824K
  class space    used 7916K, capacity 8515K, committed 8576K, reserved 1048576K
Heap Regions: E=young(eden), S=young(survivor), O=old, HS=humongous(starts), HC=humongous(continues), CS=collection set, F=free, A=archive, TAMS=top-at-mark-start (previous, next)
|   0|0x0000000082800000, 0x0000000082900000, 0x0000000082900000|100%|HS|  |TAMS 0x0000000082900000, 0x0000000082900000| Complete 
|   1|0x0000000082900000, 0x0000000082a00000, 0x0000000082a00000|100%| O|  |TAMS 0x0000000082a00000, 0x0000000082a00000| Untracked 
|   2|0x0000000082a00000, 0x0000000082b00000, 0x0000000082b00000|100%| O|  |TAMS 0x0000000082b00000, 0x0000000082b00000| Untracked 
|   3|0x0000000082b00000, 0x0000000082c00000, 0x0000000082c00000|100%| O|  |TAMS 0x0000000082c00000, 0x0000000082c00000| Untracked 
|   4|0x0000000082c00000, 0x0000000082d00000, 0x0000000082d00000|100%| O|  |TAMS 0x0000000082d00000, 0x0000000082d00000| Untracked 
|   5|0x0000000082d00000, 0x0000000082e00000, 0x0000000082e00000|100%| O|  |TAMS 0x0000000082e00000, 0x0000000082e00000| Untracked 
|   6|0x0000000082e00000, 0x0000000082f00000, 0x0000000082f00000|100%| O|  |TAMS 0x0000000082f00000, 0x0000000082f00000| Untracked 
|   7|0x0000000082f00000, 0x0000000083000000, 0x0000000083000000|100%| O|  |TAMS 0x0000000082fae800, 0x0000000083000000| Untracked 
|   8|0x0000000083000000, 0x0000000083100000, 0x0000000083100000|100%| O|  |TAMS 0x0000000083000000, 0x0000000083100000| Untracked 
|   9|0x0000000083100000, 0x0000000083200000, 0x0000000083200000|100%| O|  |TAMS 0x0000000083100000, 0x0000000083200000| Untracked 
|  10|0x0000000083200000, 0x0000000083300000, 0x0000000083300000|100%| O|  |TAMS 0x0000000083200000, 0x0000000083300000| Untracked 
|  11|0x0000000083300000, 0x0000000083400000, 0x0000000083400000|100%| O|  |TAMS 0x0000000083300000, 0x0000000083400000| Untracked 
|  12|0x0000000083400000, 0x0000000083500000, 0x0000000083500000|100%| O|  |TAMS 0x0000000083400000, 0x0000000083500000| Untracked 
|  13|0x0000000083500000, 0x0000000083600000, 0x0000000083600000|100%| O|  |TAMS 0x0000000083500000, 0x0000000083600000| Untracked 
|  14|0x0000000083600000, 0x0000000083639870, 0x0000000083700000| 22%| O|  |TAMS 0x0000000083600000, 0x0000000083700000| Untracked 
|  15|0x0000000083700000, 0x0000000083700000, 0x0000000083800000|  0%| F|  |TAMS 0x0000000083700000, 0x0000000083700000| Untracked 
|  16|0x0000000083800000, 0x0000000083800000, 0x0000000083900000|  0%| F|  |TAMS 0x0000000083800000, 0x0000000083800000| Untracked 
|  17|0x0000000083900000, 0x0000000083900000, 0x0000000083a00000|  0%| F|  |TAMS 0x0000000083900000, 0x0000000083900000| Untracked 
|  18|0x0000000083a00000, 0x0000000083a00000, 0x0000000083b00000|  0%| F|  |TAMS 0x0000000083a00000, 0x0000000083a00000| Untracked 
|  19|0x0000000083b00000, 0x0000000083b00000, 0x0000000083c00000|  0%| F|  |TAMS 0x0000000083b00000, 0x0000000083b00000| Untracked 
|  20|0x0000000083c00000, 0x0000000083c00000, 0x0000000083d00000|  0%| F|  |TAMS 0x0000000083c00000, 0x0000000083c00000| Untracked 
|  21|0x0000000083d00000, 0x0000000083d00000, 0x0000000083e00000|  0%| F|  |TAMS 0x0000000083d00000, 0x0000000083d00000| Untracked 
|  22|0x0000000083e00000, 0x0000000083e00000, 0x0000000083f00000|  0%| F|  |TAMS 0x0000000083e00000, 0x0000000083e00000| Untracked 
|  23|0x0000000083f00000, 0x0000000083f00000, 0x0000000084000000|  0%| F|  |TAMS 0x0000000083f00000, 0x0000000083f00000| Untracked 
|  24|0x0000000084000000, 0x0000000084000000, 0x0000000084100000|  0%| F|  |TAMS 0x0000000084000000, 0x0000000084000000| Untracked 
|  25|0x0000000084100000, 0x0000000084100000, 0x0000000084200000|  0%| F|  |TAMS 0x0000000084100000, 0x0000000084100000| Untracked 
|  26|0x0000000084200000, 0x0000000084200000, 0x0000000084300000|  0%| F|  |TAMS 0x0000000084200000, 0x0000000084200000| Untracked 
|  27|0x0000000084300000, 0x0000000084300000, 0x0000000084400000|  0%| F|  |TAMS 0x0000000084300000, 0x0000000084300000| Untracked 
|  28|0x0000000084400000, 0x0000000084400000, 0x0000000084500000|  0%| F|  |TAMS 0x0000000084400000, 0x0000000084400000| Untracked 
|  29|0x0000000084500000, 0x0000000084500000, 0x0000000084600000|  0%| F|  |TAMS 0x0000000084500000, 0x0000000084500000| Untracked 
|  30|0x0000000084600000, 0x0000000084600000, 0x0000000084700000|  0%| F|  |TAMS 0x0000000084600000, 0x0000000084600000| Untracked 
|  31|0x0000000084700000, 0x0000000084700000, 0x0000000084800000|  0%| F|  |TAMS 0x0000000084700000, 0x0000000084700000| Untracked 
|  32|0x0000000084800000, 0x0000000084800000, 0x0000000084900000|  0%| F|  |TAMS 0x0000000084800000, 0x0000000084800000| Untracked 
|  33|0x0000000084900000, 0x0000000084900000, 0x0000000084a00000|  0%| F|  |TAMS 0x0000000084900000, 0x0000000084900000| Untracked 
|  34|0x0000000084a00000, 0x0000000084a00000, 0x0000000084b00000|  0%| F|  |TAMS 0x0000000084a00000, 0x0000000084a00000| Untracked 
|  35|0x0000000084b00000, 0x0000000084b00000, 0x0000000084c00000|  0%| F|  |TAMS 0x0000000084b00000, 0x0000000084b00000| Untracked 
|  36|0x0000000084c00000, 0x0000000084c00000, 0x0000000084d00000|  0%| F|  |TAMS 0x0000000084c00000, 0x0000000084c00000| Untracked 
|  37|0x0000000084d00000, 0x0000000084d00000, 0x0000000084e00000|  0%| F|  |TAMS 0x0000000084d00000, 0x0000000084d00000| Untracked 
|  38|0x0000000084e00000, 0x0000000084e00000, 0x0000000084f00000|  0%| F|  |TAMS 0x0000000084e00000, 0x0000000084e00000| Untracked 
|  39|0x0000000084f00000, 0x0000000084f00000, 0x0000000085000000|  0%| F|  |TAMS 0x0000000084f00000, 0x0000000084f00000| Untracked 
|  40|0x0000000085000000, 0x0000000085000000, 0x0000000085100000|  0%| F|  |TAMS 0x0000000085000000, 0x0000000085000000| Untracked 
|  41|0x0000000085100000, 0x0000000085100000, 0x0000000085200000|  0%| F|  |TAMS 0x0000000085100000, 0x0000000085100000| Untracked 
|  42|0x0000000085200000, 0x0000000085200000, 0x0000000085300000|  0%| F|  |TAMS 0x0000000085200000, 0x0000000085200000| Untracked 
|  43|0x0000000085300000, 0x0000000085300000, 0x0000000085400000|  0%| F|  |TAMS 0x0000000085300000, 0x0000000085300000| Untracked 
|  44|0x0000000085400000, 0x0000000085400000, 0x0000000085500000|  0%| F|  |TAMS 0x0000000085400000, 0x0000000085400000| Untracked 
|  45|0x0000000085500000, 0x0000000085500000, 0x0000000085600000|  0%| F|  |TAMS 0x0000000085500000, 0x0000000085500000| Untracked 
|  46|0x0000000085600000, 0x0000000085600000, 0x0000000085700000|  0%| F|  |TAMS 0x0000000085600000, 0x0000000085600000| Untracked 
|  47|0x0000000085700000, 0x0000000085700000, 0x0000000085800000|  0%| F|  |TAMS 0x0000000085700000, 0x0000000085700000| Untracked 
|  48|0x0000000085800000, 0x0000000085800000, 0x0000000085900000|  0%| F|  |TAMS 0x0000000085800000, 0x0000000085800000| Untracked 
|  49|0x0000000085900000, 0x0000000085900000, 0x0000000085a00000|  0%| F|  |TAMS 0x0000000085900000, 0x0000000085900000| Untracked 
|  50|0x0000000085a00000, 0x0000000085a00000, 0x0000000085b00000|  0%| F|  |TAMS 0x0000000085a00000, 0x0000000085a00000| Untracked 
|  51|0x0000000085b00000, 0x0000000085b00000, 0x0000000085c00000|  0%| F|  |TAMS 0x0000000085b00000, 0x0000000085b00000| Untracked 
|  52|0x0000000085c00000, 0x0000000085cbcbb0, 0x0000000085d00000| 73%| E|CS|TAMS 0x0000000085c00000, 0x0000000085cbcbb0| Complete 
|  53|0x0000000085d00000, 0x0000000085d00000, 0x0000000085e00000|  0%| F|  |TAMS 0x0000000085d00000, 0x0000000085d00000| Untracked 
|  54|0x0000000085e00000, 0x0000000085e00000, 0x0000000085f00000|  0%| F|  |TAMS 0x0000000085e00000, 0x0000000085e00000| Untracked 
|  55|0x0000000085f00000, 0x0000000085f00000, 0x0000000086000000|  0%| F|  |TAMS 0x0000000085f00000, 0x0000000085f00000| Untracked 
|  56|0x0000000086000000, 0x0000000086000000, 0x0000000086100000|  0%| F|  |TAMS 0x0000000086000000, 0x0000000086000000| Untracked 
|  57|0x0000000086100000, 0x0000000086100000, 0x0000000086200000|  0%| F|  |TAMS 0x0000000086100000, 0x0000000086100000| Untracked 
|  58|0x0000000086200000, 0x0000000086200000, 0x0000000086300000|  0%| F|  |TAMS 0x0000000086200000, 0x0000000086200000| Untracked 
|  59|0x0000000086300000, 0x0000000086300000, 0x0000000086400000|  0%| F|  |TAMS 0x0000000086300000, 0x0000000086300000| Untracked 
|  60|0x0000000086400000, 0x0000000086400000, 0x0000000086500000|  0%| F|  |TAMS 0x0000000086400000, 0x0000000086400000| Untracked 
|  61|0x0000000086500000, 0x0000000086600000, 0x0000000086600000|100%| E|CS|TAMS 0x0000000086500000, 0x0000000086600000| Complete 
|  62|0x0000000086600000, 0x0000000086700000, 0x0000000086700000|100%| E|CS|TAMS 0x0000000086600000, 0x0000000086700000| Complete 
|  63|0x0000000086700000, 0x0000000086800000, 0x0000000086800000|100%| E|CS|TAMS 0x0000000086700000, 0x0000000086800000| Complete 
|  64|0x0000000086800000, 0x0000000086900000, 0x0000000086900000|100%| E|CS|TAMS 0x0000000086800000, 0x0000000086900000| Complete 
|  65|0x0000000086900000, 0x0000000086a00000, 0x0000000086a00000|100%| E|CS|TAMS 0x0000000086900000, 0x0000000086a00000| Complete 
|  66|0x0000000086a00000, 0x0000000086b00000, 0x0000000086b00000|100%| E|CS|TAMS 0x0000000086a00000, 0x0000000086b00000| Complete 
|  67|0x0000000086b00000, 0x0000000086c00000, 0x0000000086c00000|100%| E|CS|TAMS 0x0000000086b00000, 0x0000000086c00000| Complete 
|  68|0x0000000086c00000, 0x0000000086d00000, 0x0000000086d00000|100%| E|CS|TAMS 0x0000000086c00000, 0x0000000086d00000| Complete 
|  69|0x0000000086d00000, 0x0000000086d00000, 0x0000000086e00000|  0%| F|  |TAMS 0x0000000086d00000, 0x0000000086d00000| Untracked 
|  70|0x0000000086e00000, 0x0000000086e00000, 0x0000000086f00000|  0%| F|  |TAMS 0x0000000086e00000, 0x0000000086e00000| Untracked 
|  71|0x0000000086f00000, 0x0000000086f00000, 0x0000000087000000|  0%| F|  |TAMS 0x0000000086f00000, 0x0000000086f00000| Untracked 
|  72|0x0000000087000000, 0x00000000870c1698, 0x0000000087100000| 75%| S|  |TAMS 0x0000000087000000, 0x0000000087000000| Complete 
|  73|0x0000000087100000, 0x0000000087200000, 0x0000000087200000|100%| S|  |TAMS 0x0000000087100000, 0x0000000087100000| Complete 
|  74|0x0000000087200000, 0x0000000087300000, 0x0000000087300000|100%| S|  |TAMS 0x0000000087200000, 0x0000000087200000| Complete 
|  75|0x0000000087300000, 0x0000000087400000, 0x0000000087400000|100%| S|  |TAMS 0x0000000087300000, 0x0000000087300000| Complete 
|  76|0x0000000087400000, 0x0000000087500000, 0x0000000087500000|100%| S|  |TAMS 0x0000000087400000, 0x0000000087400000| Complete 
|  77|0x0000000087500000, 0x0000000087600000, 0x0000000087600000|100%| S|  |TAMS 0x0000000087500000, 0x0000000087500000| Complete 
|  78|0x0000000087600000, 0x0000000087700000, 0x0000000087700000|100%| S|  |TAMS 0x0000000087600000, 0x0000000087600000| Complete 
|  79|0x0000000087700000, 0x0000000087800000, 0x0000000087800000|100%| S|  |TAMS 0x0000000087700000, 0x0000000087700000| Complete 
|  80|0x0000000087800000, 0x0000000087900000, 0x0000000087900000|100%| S|  |TAMS 0x0000000087800000, 0x0000000087800000| Complete 
|  81|0x0000000087900000, 0x0000000087982028, 0x0000000087a00000| 50%| E|CS|TAMS 0x0000000087900000, 0x0000000087982028| Complete 
|  82|0x0000000087a00000, 0x0000000087b00000, 0x0000000087b00000|100%| E|CS|TAMS 0x0000000087a00000, 0x0000000087b00000| Complete 
|  83|0x0000000087b00000, 0x0000000087c00000, 0x0000000087c00000|100%| E|CS|TAMS 0x0000000087b00000, 0x0000000087c00000| Complete 
|  84|0x0000000087c00000, 0x0000000087d00000, 0x0000000087d00000|100%| E|CS|TAMS 0x0000000087c00000, 0x0000000087d00000| Complete 
|  85|0x0000000087d00000, 0x0000000087e00000, 0x0000000087e00000|100%| E|CS|TAMS 0x0000000087d00000, 0x0000000087e00000| Complete 
|  86|0x0000000087e00000, 0x0000000087f00000, 0x0000000087f00000|100%| E|CS|TAMS 0x0000000087e00000, 0x0000000087f00000| Complete 
|  87|0x0000000087f00000, 0x0000000088000000, 0x0000000088000000|100%| E|CS|TAMS 0x0000000087f00000, 0x0000000088000000| Complete 
|  88|0x0000000088000000, 0x0000000088100000, 0x0000000088100000|100%| E|CS|TAMS 0x0000000088000000, 0x0000000088100000| Complete 
|  89|0x0000000088100000, 0x0000000088200000, 0x0000000088200000|100%| E|CS|TAMS 0x0000000088100000, 0x0000000088200000| Complete 
|  90|0x0000000088200000, 0x0000000088300000, 0x0000000088300000|100%| E|CS|TAMS 0x0000000088200000, 0x0000000088300000| Complete 
|  91|0x0000000088300000, 0x0000000088400000, 0x0000000088400000|100%| E|CS|TAMS 0x0000000088300000, 0x0000000088400000| Complete 
|  92|0x0000000088400000, 0x0000000088500000, 0x0000000088500000|100%| E|CS|TAMS 0x0000000088400000, 0x0000000088500000| Complete 
|  93|0x0000000088500000, 0x0000000088600000, 0x0000000088600000|100%| E|CS|TAMS 0x0000000088500000, 0x0000000088600000| Complete 
|  94|0x0000000088600000, 0x0000000088700000, 0x0000000088700000|100%| E|CS|TAMS 0x0000000088600000, 0x0000000088700000| Complete 
|  95|0x0000000088700000, 0x0000000088800000, 0x0000000088800000|100%| E|CS|TAMS 0x0000000088700000, 0x0000000088800000| Complete 
|  96|0x0000000088800000, 0x0000000088900000, 0x0000000088900000|100%| E|CS|TAMS 0x0000000088800000, 0x0000000088900000| Complete 
|  97|0x0000000088900000, 0x0000000088a00000, 0x0000000088a00000|100%| E|CS|TAMS 0x0000000088900000, 0x0000000088a00000| Complete 
|  98|0x0000000088a00000, 0x0000000088b00000, 0x0000000088b00000|100%| E|CS|TAMS 0x0000000088a00000, 0x0000000088b00000| Complete 
|  99|0x0000000088b00000, 0x0000000088c00000, 0x0000000088c00000|100%| E|CS|TAMS 0x0000000088b00000, 0x0000000088c00000| Complete 
| 100|0x0000000088c00000, 0x0000000088d00000, 0x0000000088d00000|100%| E|CS|TAMS 0x0000000088c00000, 0x0000000088d00000| Complete 
| 101|0x0000000088d00000, 0x0000000088e00000, 0x0000000088e00000|100%| E|CS|TAMS 0x0000000088d00000, 0x0000000088e00000| Complete 
| 102|0x0000000088e00000, 0x0000000088f00000, 0x0000000088f00000|100%| E|CS|TAMS 0x0000000088e00000, 0x0000000088f00000| Complete 
| 103|0x0000000088f00000, 0x0000000089000000, 0x0000000089000000|100%| E|CS|TAMS 0x0000000088f00000, 0x0000000089000000| Complete 
| 104|0x0000000089000000, 0x0000000089100000, 0x0000000089100000|100%| E|CS|TAMS 0x0000000089000000, 0x0000000089100000| Complete 
| 105|0x0000000089100000, 0x0000000089200000, 0x0000000089200000|100%| E|CS|TAMS 0x0000000089100000, 0x0000000089200000| Complete 
| 106|0x0000000089200000, 0x0000000089300000, 0x0000000089300000|100%| E|CS|TAMS 0x0000000089200000, 0x0000000089300000| Complete 
| 107|0x0000000089300000, 0x0000000089400000, 0x0000000089400000|100%| E|CS|TAMS 0x0000000089300000, 0x0000000089400000| Complete 
| 108|0x0000000089400000, 0x0000000089500000, 0x0000000089500000|100%| E|CS|TAMS 0x0000000089400000, 0x0000000089500000| Complete 
| 109|0x0000000089500000, 0x0000000089600000, 0x0000000089600000|100%| E|CS|TAMS 0x0000000089500000, 0x0000000089600000| Complete 
| 110|0x0000000089600000, 0x0000000089700000, 0x0000000089700000|100%| E|CS|TAMS 0x0000000089600000, 0x0000000089700000| Complete 
| 111|0x0000000089700000, 0x0000000089800000, 0x0000000089800000|100%| E|CS|TAMS 0x0000000089700000, 0x0000000089800000| Complete 
| 112|0x0000000089800000, 0x0000000089900000, 0x0000000089900000|100%| E|CS|TAMS 0x0000000089800000, 0x0000000089900000| Complete 
| 113|0x0000000089900000, 0x0000000089a00000, 0x0000000089a00000|100%| E|CS|TAMS 0x0000000089900000, 0x0000000089a00000| Complete 
| 114|0x0000000089a00000, 0x0000000089b00000, 0x0000000089b00000|100%| E|CS|TAMS 0x0000000089a00000, 0x0000000089b00000| Complete 
| 115|0x0000000089b00000, 0x0000000089c00000, 0x0000000089c00000|100%| E|CS|TAMS 0x0000000089b00000, 0x0000000089c00000| Complete 
| 116|0x0000000089c00000, 0x0000000089d00000, 0x0000000089d00000|100%| E|CS|TAMS 0x0000000089c00000, 0x0000000089d00000| Complete 
| 117|0x0000000089d00000, 0x0000000089e00000, 0x0000000089e00000|100%| E|CS|TAMS 0x0000000089d00000, 0x0000000089e00000| Complete 
| 118|0x0000000089e00000, 0x0000000089f00000, 0x0000000089f00000|100%| E|CS|TAMS 0x0000000089e00000, 0x0000000089f00000| Complete 
| 119|0x0000000089f00000, 0x000000008a000000, 0x000000008a000000|100%| E|CS|TAMS 0x0000000089f00000, 0x000000008a000000| Complete 
| 120|0x000000008a000000, 0x000000008a100000, 0x000000008a100000|100%| E|CS|TAMS 0x000000008a000000, 0x000000008a100000| Complete 
| 121|0x000000008a100000, 0x000000008a200000, 0x000000008a200000|100%| E|CS|TAMS 0x000000008a100000, 0x000000008a200000| Complete 
| 122|0x000000008a200000, 0x000000008a300000, 0x000000008a300000|100%| E|CS|TAMS 0x000000008a200000, 0x000000008a300000| Complete 
| 123|0x000000008a300000, 0x000000008a400000, 0x000000008a400000|100%| E|CS|TAMS 0x000000008a300000, 0x000000008a400000| Complete 
| 124|0x000000008a400000, 0x000000008a500000, 0x000000008a500000|100%| E|CS|TAMS 0x000000008a400000, 0x000000008a500000| Complete 
| 125|0x000000008a500000, 0x000000008a600000, 0x000000008a600000|100%| E|CS|TAMS 0x000000008a500000, 0x000000008a600000| Complete 
| 126|0x000000008a600000, 0x000000008a700000, 0x000000008a700000|100%| E|CS|TAMS 0x000000008a600000, 0x000000008a700000| Complete 
| 127|0x000000008a700000, 0x000000008a800000, 0x000000008a800000|100%| E|CS|TAMS 0x000000008a700000, 0x000000008a800000| Complete 
| 128|0x000000008a800000, 0x000000008a900000, 0x000000008a900000|100%| E|CS|TAMS 0x000000008a800000, 0x000000008a900000| Complete 
| 129|0x000000008a900000, 0x000000008aa00000, 0x000000008aa00000|100%| E|CS|TAMS 0x000000008a900000, 0x000000008aa00000| Complete 
| 130|0x000000008aa00000, 0x000000008ab00000, 0x000000008ab00000|100%| E|CS|TAMS 0x000000008aa00000, 0x000000008ab00000| Complete 
| 131|0x000000008ab00000, 0x000000008ac00000, 0x000000008ac00000|100%| E|CS|TAMS 0x000000008ab00000, 0x000000008ac00000| Complete 
| 132|0x000000008ac00000, 0x000000008ad00000, 0x000000008ad00000|100%| E|CS|TAMS 0x000000008ac00000, 0x000000008ad00000| Complete 
| 133|0x000000008ad00000, 0x000000008ae00000, 0x000000008ae00000|100%| E|CS|TAMS 0x000000008ad00000, 0x000000008ae00000| Complete 
| 134|0x000000008ae00000, 0x000000008af00000, 0x000000008af00000|100%| E|CS|TAMS 0x000000008ae00000, 0x000000008af00000| Complete 
| 135|0x000000008af00000, 0x000000008b000000, 0x000000008b000000|100%| E|CS|TAMS 0x000000008af00000, 0x000000008b000000| Complete 
| 136|0x000000008b000000, 0x000000008b100000, 0x000000008b100000|100%| E|CS|TAMS 0x000000008b000000, 0x000000008b100000| Complete 
| 137|0x000000008b100000, 0x000000008b200000, 0x000000008b200000|100%| E|CS|TAMS 0x000000008b100000, 0x000000008b200000| Complete 
| 138|0x000000008b200000, 0x000000008b300000, 0x000000008b300000|100%| E|CS|TAMS 0x000000008b200000, 0x000000008b300000| Complete 
| 139|0x000000008b300000, 0x000000008b400000, 0x000000008b400000|100%| E|CS|TAMS 0x000000008b300000, 0x000000008b400000| Complete 
| 140|0x000000008b400000, 0x000000008b500000, 0x000000008b500000|100%| E|CS|TAMS 0x000000008b400000, 0x000000008b500000| Complete 
| 141|0x000000008b500000, 0x000000008b600000, 0x000000008b600000|100%| E|CS|TAMS 0x000000008b500000, 0x000000008b600000| Complete 
| 142|0x000000008b600000, 0x000000008b700000, 0x000000008b700000|100%| E|CS|TAMS 0x000000008b600000, 0x000000008b700000| Complete 
| 143|0x000000008b700000, 0x000000008b800000, 0x000000008b800000|100%| E|CS|TAMS 0x000000008b700000, 0x000000008b800000| Complete 
| 144|0x000000008b800000, 0x000000008b900000, 0x000000008b900000|100%| E|CS|TAMS 0x000000008b800000, 0x000000008b900000| Complete 
| 145|0x000000008b900000, 0x000000008ba00000, 0x000000008ba00000|100%| E|CS|TAMS 0x000000008b900000, 0x000000008ba00000| Complete 
| 146|0x000000008ba00000, 0x000000008bb00000, 0x000000008bb00000|100%| E|CS|TAMS 0x000000008ba00000, 0x000000008bb00000| Complete 
| 147|0x000000008bb00000, 0x000000008bc00000, 0x000000008bc00000|100%| E|CS|TAMS 0x000000008bb00000, 0x000000008bc00000| Complete 
| 148|0x000000008bc00000, 0x000000008bd00000, 0x000000008bd00000|100%| E|CS|TAMS 0x000000008bc00000, 0x000000008bd00000| Complete 
| 149|0x000000008bd00000, 0x000000008be00000, 0x000000008be00000|100%| E|CS|TAMS 0x000000008bd00000, 0x000000008be00000| Complete 
| 150|0x000000008be00000, 0x000000008bf00000, 0x000000008bf00000|100%| E|CS|TAMS 0x000000008be00000, 0x000000008bf00000| Complete 
| 151|0x000000008bf00000, 0x000000008c000000, 0x000000008c000000|100%| E|CS|TAMS 0x000000008bf00000, 0x000000008c000000| Complete 

Card table byte_map: [0x000001fe1efe0000,0x000001fe1f3d0000] _byte_map_base: 0x000001fe1ebcc000

Marking Bits (Prev, Next): (CMBitMap*) 0x000001fe055c05b8, (CMBitMap*) 0x000001fe055c05f0
 Prev Bits: [0x000001fe1f7c0000, 0x000001fe21720000)
 Next Bits: [0x000001fe21720000, 0x000001fe23680000)

Polling page: 0x000001fe05660000

Metaspace:

Usage:
  Non-class:     50.47 MB capacity,    49.59 MB ( 98%) used,   724.13 KB (  1%) free+waste,   177.50 KB ( <1%) overhead. 
      Class:      8.32 MB capacity,     7.73 MB ( 93%) used,   512.05 KB (  6%) free+waste,    86.81 KB (  1%) overhead. 
       Both:     58.79 MB capacity,    57.32 MB ( 98%) used,     1.21 MB (  2%) free+waste,   264.31 KB ( <1%) overhead. 

Virtual space:
  Non-class space:       52.00 MB reserved,      50.50 MB ( 97%) committed 
      Class space:        1.00 GB reserved,       8.38 MB ( <1%) committed 
             Both:        1.05 GB reserved,      58.88 MB (  5%) committed 

Chunk freelists:
   Non-Class:  3.63 KB
       Class:  3.63 KB
        Both:  7.25 KB

CodeHeap 'non-profiled nmethods': size=238336Kb used=8037Kb max_used=8037Kb free=230299Kb
 bounds [0x000001fe0f8d0000, 0x000001fe100b0000, 0x000001fe1e190000]
CodeHeap 'non-nmethods': size=7424Kb used=1229Kb max_used=1229Kb free=6195Kb
 bounds [0x000001fe0f190000, 0x000001fe0f400000, 0x000001fe0f8d0000]
 total_blobs=5512 nmethods=4900 adapters=522
 compilation: enabled
              stopped_count=0, restarted_count=0
 full_count=0

Compilation events (10 events):
Event: 7.145 Thread 0x000001fe2617b800 4896       1       com.mysql.cj.protocol.Resultset$Concurrency::getIntValue (5 bytes)
Event: 7.145 Thread 0x000001fe2617b800 nmethod 4896 0x000001fe100a7090 code [0x000001fe100a7220, 0x000001fe100a7338]
Event: 7.145 Thread 0x000001fe2617b800 4897       1       com.mysql.cj.conf.DefaultPropertySet::getIntegerProperty (6 bytes)
Event: 7.145 Thread 0x000001fe2617b800 nmethod 4897 0x000001fe100a7390 code [0x000001fe100a7540, 0x000001fe100a7670]
Event: 7.148 Thread 0x000001fe2617b800 4898       1       com.mysql.cj.protocol.a.NativeServerSession::setStatusFlags (18 bytes)
Event: 7.149 Thread 0x000001fe2617b800 nmethod 4898 0x000001fe100a7710 code [0x000001fe100a78a0, 0x000001fe100a79d8]
Event: 7.149 Thread 0x000001fe2617b800 4899       1       ch.qos.logback.core.pattern.FormattingConverter::write (154 bytes)
Event: 7.150 Thread 0x000001fe2617b800 nmethod 4899 0x000001fe100a7a90 code [0x000001fe100a7ce0, 0x000001fe100a8180]
Event: 7.157 Thread 0x000001fe2617b800 4900   !   1       org.hibernate.service.internal.AbstractServiceRegistryImpl::getService (119 bytes)
Event: 7.158 Thread 0x000001fe2617b800 nmethod 4900 0x000001fe100a8490 code [0x000001fe100a8700, 0x000001fe100a8f00]

GC Heap History (10 events):
Event: 2.436 GC heap after
{Heap after GC invocations=5 (full 0):
 garbage-first heap   total 129024K, used 10887K [0x0000000082800000, 0x0000000100000000)
  region size 1024K, 4 young (4096K), 4 survivors (4096K)
 Metaspace       used 24357K, capacity 25090K, committed 25216K, reserved 1071104K
  class space    used 3075K, capacity 3383K, committed 3456K, reserved 1048576K
}
Event: 2.974 GC heap before
{Heap before GC invocations=5 (full 0):
 garbage-first heap   total 129024K, used 82567K [0x0000000082800000, 0x0000000100000000)
  region size 1024K, 75 young (76800K), 4 survivors (4096K)
 Metaspace       used 30308K, capacity 31311K, committed 31360K, reserved 1077248K
  class space    used 3821K, capacity 4208K, committed 4224K, reserved 1048576K
}
Event: 2.980 GC heap after
{Heap after GC invocations=6 (full 0):
 garbage-first heap   total 129024K, used 12987K [0x0000000082800000, 0x0000000100000000)
  region size 1024K, 6 young (6144K), 6 survivors (6144K)
 Metaspace       used 30308K, capacity 31311K, committed 31360K, reserved 1077248K
  class space    used 3821K, capacity 4208K, committed 4224K, reserved 1048576K
}
Event: 3.955 GC heap before
{Heap before GC invocations=6 (full 0):
 garbage-first heap   total 129024K, used 62139K [0x0000000082800000, 0x0000000100000000)
  region size 1024K, 55 young (56320K), 6 survivors (6144K)
 Metaspace       used 34809K, capacity 35871K, committed 35968K, reserved 1081344K
  class space    used 4517K, capacity 4948K, committed 4992K, reserved 1048576K
}
Event: 3.964 GC heap after
{Heap after GC invocations=7 (full 0):
 garbage-first heap   total 155648K, used 14926K [0x0000000082800000, 0x0000000100000000)
  region size 1024K, 7 young (7168K), 7 survivors (7168K)
 Metaspace       used 34809K, capacity 35871K, committed 35968K, reserved 1081344K
  class space    used 4517K, capacity 4948K, committed 4992K, reserved 1048576K
}
Event: 4.477 GC heap before
{Heap before GC invocations=8 (full 0):
 garbage-first heap   total 155648K, used 99918K [0x0000000082800000, 0x0000000100000000)
  region size 1024K, 91 young (93184K), 7 survivors (7168K)
 Metaspace       used 38356K, capacity 39647K, committed 39936K, reserved 1083392K
  class space    used 4974K, capacity 5506K, committed 5632K, reserved 1048576K
}
Event: 4.485 GC heap after
{Heap after GC invocations=9 (full 0):
 garbage-first heap   total 155648K, used 17170K [0x0000000082800000, 0x0000000100000000)
  region size 1024K, 8 young (8192K), 8 survivors (8192K)
 Metaspace       used 38356K, capacity 39647K, committed 39936K, reserved 1083392K
  class space    used 4974K, capacity 5506K, committed 5632K, reserved 1048576K
}
Event: 5.645 GC heap before
{Heap before GC invocations=9 (full 0):
 garbage-first heap   total 155648K, used 101138K [0x0000000082800000, 0x0000000100000000)
  region size 1024K, 91 young (93184K), 8 survivors (8192K)
 Metaspace       used 47859K, capacity 49221K, committed 49408K, reserved 1091584K
  class space    used 6295K, capacity 6864K, committed 6912K, reserved 1048576K
}
Event: 5.655 GC heap after
{Heap after GC invocations=10 (full 0):
 garbage-first heap   total 155648K, used 21056K [0x0000000082800000, 0x0000000100000000)
  region size 1024K, 9 young (9216K), 9 survivors (9216K)
 Metaspace       used 47859K, capacity 49221K, committed 49408K, reserved 1091584K
  class space    used 6295K, capacity 6864K, committed 6912K, reserved 1048576K
}
Event: 7.178 GC heap before
{Heap before GC invocations=10 (full 0):
 garbage-first heap   total 155648K, used 92736K [0x0000000082800000, 0x0000000100000000)
  region size 1024K, 80 young (81920K), 9 survivors (9216K)
 Metaspace       used 58697K, capacity 60198K, committed 60288K, reserved 1101824K
  class space    used 7916K, capacity 8515K, committed 8576K, reserved 1048576K
}

Deoptimization events (0 events):
No events

Classes redefined (0 events):
No events

Internal exceptions (10 events):
Event: 4.752 Thread 0x000001fe2765e000 Implicit null exception at 0x000001fe0fedeb8f to 0x000001fe0fedf3c9
Event: 4.753 Thread 0x000001fe2765e000 Exception <a 'java/lang/NullPointerException'{0x000000008a6ec758}> (0x000000008a6ec758) thrown at [./open/src/hotspot/share/runtime/sharedRuntime.cpp, line 584]
Event: 4.758 Thread 0x000001fe2765e000 Implicit null exception at 0x000001fe0fedeb8f to 0x000001fe0fedf3c9
Event: 4.758 Thread 0x000001fe2765e000 Exception <a 'java/lang/NullPointerException'{0x000000008a523588}> (0x000000008a523588) thrown at [./open/src/hotspot/share/runtime/sharedRuntime.cpp, line 584]
Event: 4.809 Thread 0x000001fe2765e000 Exception <a 'java/lang/NoSuchMethodError'{0x0000000089a2d630}: java.lang.invoke.DirectMethodHandle$Holder.invokeInterface(Ljava/lang/Object;Ljava/lang/Object;Ljava/lang/Object;Ljava/lang/Object;)I> (0x0000000089a2d630) thrown at [./open/src/hotspot/share
Event: 5.849 Thread 0x000001fe2765e000 Exception <a 'java/lang/NoSuchMethodError'{0x000000008b633158}: java.lang.invoke.DirectMethodHandle$Holder.invokeStaticInit(Ljava/lang/Object;Ljava/lang/Object;Ljava/lang/Object;Ljava/lang/Object;)Ljava/lang/Object;> (0x000000008b633158) thrown at [./open
Event: 6.147 Thread 0x000001fe2765e000 Exception <a 'java/lang/NoSuchMethodError'{0x000000008a8fedb8}: java.lang.invoke.DirectMethodHandle$Holder.newInvokeSpecial(Ljava/lang/Object;Ljava/lang/Object;ILjava/lang/Object;Ljava/lang/Object;)Ljava/lang/Object;> (0x000000008a8fedb8) thrown at [./ope
Event: 6.742 Thread 0x000001fe2765e000 Exception <a 'java/lang/NoSuchMethodError'{0x00000000887ec458}: java.lang.invoke.DirectMethodHandle$Holder.invokeInterface(Ljava/lang/Object;Ljava/lang/Object;)V> (0x00000000887ec458) thrown at [./open/src/hotspot/share/interpreter/linkResolver.cpp, line 
Event: 6.763 Thread 0x000001fe2765e000 Exception <a 'java/lang/NoSuchMethodError'{0x00000000886e4448}: java.lang.invoke.DirectMethodHandle$Holder.invokeStaticInit(Ljava/lang/Object;Ljava/lang/Object;Ljava/lang/Object;Ljava/lang/Object;II)Ljava/lang/Object;> (0x00000000886e4448) thrown at [./op
Event: 6.780 Thread 0x000001fe2765e000 Exception <a 'java/lang/NoSuchMethodError'{0x00000000885cb6c0}: java.lang.invoke.DirectMethodHandle$Holder.invokeStaticInit(Ljava/lang/Object;Ljava/lang/Object;Ljava/lang/Object;Ljava/lang/Object;)V> (0x00000000885cb6c0) thrown at [./open/src/hotspot/shar

Events (10 events):
Event: 7.166 loading class org/springframework/orm/jpa/AbstractEntityManagerFactoryBean$ManagedEntityManagerFactoryInvocationHandler done
Event: 7.167 loading class org/hibernate/engine/spi/FilterDefinition
Event: 7.167 loading class org/hibernate/engine/spi/FilterDefinition done
Event: 7.167 loading class javax/naming/Reference
Event: 7.167 loading class javax/naming/Reference done
Event: 7.177 loading class org/springframework/orm/jpa/EntityManagerProxy
Event: 7.177 loading class org/springframework/orm/jpa/EntityManagerProxy done
Event: 7.177 loading class org/springframework/orm/jpa/SharedEntityManagerCreator$SharedEntityManagerInvocationHandler
Event: 7.177 loading class org/springframework/orm/jpa/SharedEntityManagerCreator$SharedEntityManagerInvocationHandler done
Event: 7.178 Executing VM operation: CollectForMetadataAllocation


Dynamic libraries:
0x00007ff6ad910000 - 0x00007ff6ad957000 	C:\Program Files\Java\jdk-11.0.7\bin\javaw.exe
0x00007ffec63f0000 - 0x00007ffec65e5000 	C:\Windows\SYSTEM32\ntdll.dll
0x00007ffec51d0000 - 0x00007ffec528d000 	C:\Windows\System32\KERNEL32.DLL
0x00007ffec3df0000 - 0x00007ffec40b9000 	C:\Windows\System32\KERNELBASE.dll
0x00007ffec4f30000 - 0x00007ffec4fdc000 	C:\Windows\System32\ADVAPI32.dll
0x00007ffec4fe0000 - 0x00007ffec507e000 	C:\Windows\System32\msvcrt.dll
0x00007ffec4b30000 - 0x00007ffec4bcb000 	C:\Windows\System32\sechost.dll
0x00007ffec4870000 - 0x00007ffec499a000 	C:\Windows\System32\RPCRT4.dll
0x00007ffec5fb0000 - 0x00007ffec6150000 	C:\Windows\System32\USER32.dll
0x00007ffec41c0000 - 0x00007ffec41e2000 	C:\Windows\System32\win32u.dll
0x00007ffec4840000 - 0x00007ffec486a000 	C:\Windows\System32\GDI32.dll
0x00007ffec3c30000 - 0x00007ffec3d3b000 	C:\Windows\System32\gdi32full.dll
0x00007ffec4120000 - 0x00007ffec41bd000 	C:\Windows\System32\msvcp_win.dll
0x00007ffec3b30000 - 0x00007ffec3c30000 	C:\Windows\System32\ucrtbase.dll
0x00007ffebb4e0000 - 0x00007ffebb4ea000 	C:\Windows\SYSTEM32\VERSION.dll
0x00007ffeb10e0000 - 0x00007ffeb137a000 	C:\Windows\WinSxS\amd64_microsoft.windows.common-controls_6595b64144ccf1df_6.0.19041.1110_none_60b5254171f9507e\COMCTL32.dll
0x00007ffec5290000 - 0x00007ffec52c0000 	C:\Windows\System32\IMM32.DLL
0x00007ffeb0b20000 - 0x00007ffeb0b36000 	C:\Program Files\Java\jdk-11.0.7\bin\vcruntime140.dll
0x00007ffe39d60000 - 0x00007ffe39e0a000 	C:\Program Files\Java\jdk-11.0.7\bin\msvcp140.dll
0x00007ffe53670000 - 0x00007ffe541d1000 	C:\Program Files\Java\jdk-11.0.7\bin\server\jvm.dll
0x00007ffec6210000 - 0x00007ffec6218000 	C:\Windows\System32\PSAPI.DLL
0x00007ffea77e0000 - 0x00007ffea77e9000 	C:\Windows\SYSTEM32\WSOCK32.dll
0x00007ffeb1d60000 - 0x00007ffeb1d87000 	C:\Windows\SYSTEM32\WINMM.dll
0x00007ffec62b0000 - 0x00007ffec631b000 	C:\Windows\System32\WS2_32.dll
0x00007ffec1a60000 - 0x00007ffec1a72000 	C:\Windows\SYSTEM32\kernel.appcore.dll
0x00007ffe53650000 - 0x00007ffe53661000 	C:\Program Files\Java\jdk-11.0.7\bin\verify.dll
0x00007ffead920000 - 0x00007ffeadb04000 	C:\Windows\SYSTEM32\DBGHELP.DLL
0x00007ffead7f0000 - 0x00007ffead81c000 	C:\Windows\SYSTEM32\dbgcore.DLL
0x00007ffec43d0000 - 0x00007ffec4453000 	C:\Windows\System32\bcryptPrimitives.dll
0x00007ffe53620000 - 0x00007ffe53649000 	C:\Program Files\Java\jdk-11.0.7\bin\java.dll
0x00007ffe9bcd0000 - 0x00007ffe9bcda000 	C:\Program Files\Java\jdk-11.0.7\bin\jimage.dll
0x00007ffe535d0000 - 0x00007ffe535e6000 	C:\Program Files\Java\jdk-11.0.7\bin\zip.dll
0x00007ffec5870000 - 0x00007ffec5faf000 	C:\Windows\System32\SHELL32.dll
0x00007ffec1c60000 - 0x00007ffec23f1000 	C:\Windows\SYSTEM32\windows.storage.dll
0x00007ffec4bd0000 - 0x00007ffec4f25000 	C:\Windows\System32\combase.dll
0x00007ffec35a0000 - 0x00007ffec35cc000 	C:\Windows\SYSTEM32\Wldp.dll
0x00007ffec4a80000 - 0x00007ffec4b2e000 	C:\Windows\System32\SHCORE.dll
0x00007ffec53a0000 - 0x00007ffec53f5000 	C:\Windows\System32\shlwapi.dll
0x00007ffec3a70000 - 0x00007ffec3a8f000 	C:\Windows\SYSTEM32\profapi.dll
0x00007ffe535b0000 - 0x00007ffe535c9000 	C:\Program Files\Java\jdk-11.0.7\bin\net.dll
0x00007ffeb4660000 - 0x00007ffeb476a000 	C:\Windows\SYSTEM32\WINHTTP.dll
0x00007ffec3300000 - 0x00007ffec336a000 	C:\Windows\system32\mswsock.dll
0x00007ffe53590000 - 0x00007ffe535a3000 	C:\Program Files\Java\jdk-11.0.7\bin\nio.dll
0x00007ffeae7f0000 - 0x00007ffeae7f9000 	C:\Program Files\Java\jdk-11.0.7\bin\management.dll
0x00007ffeae7e0000 - 0x00007ffeae7ec000 	C:\Program Files\Java\jdk-11.0.7\bin\management_ext.dll
0x00007ffea59c0000 - 0x00007ffea59d7000 	C:\Windows\system32\napinsp.dll
0x00007ffea3790000 - 0x00007ffea37ab000 	C:\Windows\system32\pnrpnsp.dll
0x00007ffebe830000 - 0x00007ffebe845000 	C:\Windows\system32\wshbth.dll
0x00007ffebf5c0000 - 0x00007ffebf5dd000 	C:\Windows\system32\NLAapi.dll
0x00007ffec2fa0000 - 0x00007ffec2fdb000 	C:\Windows\SYSTEM32\IPHLPAPI.DLL
0x00007ffec2ff0000 - 0x00007ffec30bc000 	C:\Windows\SYSTEM32\DNSAPI.dll
0x00007ffec63a0000 - 0x00007ffec63a8000 	C:\Windows\System32\NSI.dll
0x00007ffea2cd0000 - 0x00007ffea2ce2000 	C:\Windows\System32\winrnr.dll
0x00007ffeafe60000 - 0x00007ffeafe6a000 	C:\Windows\System32\rasadhlp.dll
0x00007ffeb0110000 - 0x00007ffeb018f000 	C:\Windows\System32\fwpuclnt.dll
0x00007ffec43a0000 - 0x00007ffec43c7000 	C:\Windows\System32\bcrypt.dll
0x00007ffec34f0000 - 0x00007ffec3508000 	C:\Windows\SYSTEM32\CRYPTSP.dll
0x00007ffec2c30000 - 0x00007ffec2c64000 	C:\Windows\system32\rsaenh.dll
0x00007ffec3a30000 - 0x00007ffec3a5e000 	C:\Windows\SYSTEM32\USERENV.dll
0x00007ffec34e0000 - 0x00007ffec34ec000 	C:\Windows\SYSTEM32\CRYPTBASE.dll
0x00007ffebb630000 - 0x00007ffebb647000 	C:\Windows\SYSTEM32\dhcpcsvc6.DLL
0x00007ffebb7e0000 - 0x00007ffebb7fd000 	C:\Windows\SYSTEM32\dhcpcsvc.DLL

dbghelp: loaded successfully - version: 4.0.5 - missing functions: none
symbol engine: initialized successfully - sym options: 0x614 - pdb path: .;C:\Program Files\Java\jdk-11.0.7\bin;C:\Windows\SYSTEM32;C:\Windows\WinSxS\amd64_microsoft.windows.common-controls_6595b64144ccf1df_6.0.19041.1110_none_60b5254171f9507e;C:\Program Files\Java\jdk-11.0.7\bin\server

VM Arguments:
jvm_args: -Dcom.sun.management.jmxremote -Dcom.sun.management.jmxremote.port=49751 -Dcom.sun.management.jmxremote.authenticate=false -Dcom.sun.management.jmxremote.ssl=false -Djava.rmi.server.hostname=localhost -Dspring.jmx.enabled=true -Dspring.liveBeansView.mbeanDomain -Dspring.application.admin.enabled=true -XX:TieredStopAtLevel=1 -Dspring.boot.project.name=Local2Door -Dfile.encoding=UTF-8 
java_command: com.app.local2door.Local2DoorApplication --spring.output.ansi.enabled=always
java_class_path (initial): C:\CDAC Notes\Project\Backend\Local2Door\target\classes;C:\Users\Shadow\.m2\repository\org\springframework\boot\spring-boot-starter-security\2.5.4\spring-boot-starter-security-2.5.4.jar;C:\Users\Shadow\.m2\repository\org\springframework\boot\spring-boot-starter\2.5.4\spring-boot-starter-2.5.4.jar;C:\Users\Shadow\.m2\repository\org\springframework\boot\spring-boot-starter-logging\2.5.4\spring-boot-starter-logging-2.5.4.jar;C:\Users\Shadow\.m2\repository\ch\qos\logback\logback-classic\1.2.5\logback-classic-1.2.5.jar;C:\Users\Shadow\.m2\repository\ch\qos\logback\logback-core\1.2.5\logback-core-1.2.5.jar;C:\Users\Shadow\.m2\repository\org\apache\logging\log4j\log4j-to-slf4j\2.14.1\log4j-to-slf4j-2.14.1.jar;C:\Users\Shadow\.m2\repository\org\apache\logging\log4j\log4j-api\2.14.1\log4j-api-2.14.1.jar;C:\Users\Shadow\.m2\repository\org\slf4j\jul-to-slf4j\1.7.32\jul-to-slf4j-1.7.32.jar;C:\Users\Shadow\.m2\repository\org\yaml\snakeyaml\1.28\snakeyaml-1.28.jar;C:\Users\Shadow\.m2\repository\org\springframework\spring-aop\5.3.9\spring-aop-5.3.9.jar;C:\Users\Shadow\.m2\repository\org\springframework\spring-beans\5.3.9\spring-beans-5.3.9.jar;C:\Users\Shadow\.m2\repository\org\springframework\security\spring-security-config\5.5.2\spring-security-config-5.5.2.jar;C:\Users\Shadow\.m2\repository\org\springframework\spring-context\5.3.9\spring-context-5.3.9.jar;C:\Users\Shadow\.m2\repository\org\springframework\security\spring-security-web\5.5.2\spring-security-web-5.5.2.jar;C:\Users\Shadow\.m2\repository\org\springframework\spring-expression\5.3.9\spring-expression-5.3.9.jar;C:\Users\Shadow\.m2\repository\org\apache\tomcat\embed\tomcat-embed-jasper\9.0.52\tomcat-embed-jasper-9.0.52.jar;C:\Users\Shadow\.m2\repository\org\apache\tomcat\embed\tomcat-embed-core\9.0.52\tomcat-embed-core-9.0.52.jar;C:\Users\Shadow\.m2\repository\org\apache\tomcat\tomcat-annotations-api\9.0.52\tomcat-annotations-api-9.0.52.jar;C:\Users\Shadow\.m2\repository\org\apache\tomcat\em
Launcher Type: SUN_STANDARD

[Global flags]
     intx CICompilerCount                          = 4                                         {product} {ergonomic}
     uint ConcGCThreads                            = 2                                         {product} {ergonomic}
     uint G1ConcRefinementThreads                  = 8                                         {product} {ergonomic}
   size_t G1HeapRegionSize                         = 1048576                                   {product} {ergonomic}
    uintx GCDrainStackTargetSize                   = 64                                        {product} {ergonomic}
   size_t InitialHeapSize                          = 132120576                                 {product} {ergonomic}
     bool ManagementServer                         = true                                      {product} {command line}
   size_t MarkStackSize                            = 4194304                                   {product} {ergonomic}
   size_t MaxHeapSize                              = 2105540608                                {product} {ergonomic}
   size_t MaxNewSize                               = 1262485504                                {product} {ergonomic}
   size_t MinHeapDeltaBytes                        = 1048576                                   {product} {ergonomic}
    uintx NonNMethodCodeHeapSize                   = 7549744                                {pd product} {ergonomic}
    uintx NonProfiledCodeHeapSize                  = 244108496                              {pd product} {ergonomic}
    uintx ProfiledCodeHeapSize                     = 0                                      {pd product} {ergonomic}
    uintx ReservedCodeCacheSize                    = 251658240                              {pd product} {ergonomic}
     bool SegmentedCodeCache                       = true                                      {product} {ergonomic}
     intx TieredStopAtLevel                        = 1                                         {product} {command line}
     bool UseCompressedClassPointers               = true                                 {lp64_product} {ergonomic}
     bool UseCompressedOops                        = true                                 {lp64_product} {ergonomic}
     bool UseG1GC                                  = true                                      {product} {ergonomic}
     bool UseLargePagesIndividualAllocation        = false                                  {pd product} {ergonomic}

Logging:
Log output configuration:
 #0: stdout all=warning uptime,level,tags
 #1: stderr all=off uptime,level,tags

Environment Variables:
PATH=C:/Program Files/Java/jdk-11.0.7/bin/server;C:/Program Files/Java/jdk-11.0.7/bin;C:\Python39\Scripts\;C:\Python39\;C:\Windows\system32;C:\Windows;C:\Windows\System32\Wbem;C:\Windows\System32\WindowsPowerShell\v1.0\;C:\Windows\System32\OpenSSH\;C:\Program Files\Git\cmd;C:\Program Files (x86)\NVIDIA Corporation\PhysX\Common;C:\Program Files\NVIDIA Corporation\NVIDIA NvDLISR;C:\ProgramData\chocolatey\bin;C:\Program Files\nodejs\;C:\Program Files\Java\jdk-11.0.7\bin;C:\Program Files\MySQL\MySQL Shell 8.0\bin\;C:\Program Files\MySQL\MySQL Server 8.0\bin;C:\Users\Shadow\AppData\Local\Microsoft\WindowsApps;C:\Users\Shadow\AppData\Local\Programs\Microsoft VS Code\bin;C:\Users\Shadow\AppData\Roaming\npm;C:\Program Files\MongoDB\Server\4.2\bin;;C:\sts-bundle\sts-3.9.17.RELEASE;
USERNAME=Shadow
OS=Windows_NT
PROCESSOR_IDENTIFIER=Intel64 Family 6 Model 94 Stepping 3, GenuineIntel



---------------  S Y S T E M  ---------------

OS: Windows 10 , 64 bit Build 19041 (10.0.19041.1023)

CPU:total 8 (initial active 8) (4 cores per cpu, 2 threads per core) family 6 model 94 stepping 3, cmov, cx8, fxsr, mmx, sse, sse2, sse3, ssse3, sse4.1, sse4.2, popcnt, avx, avx2, aes, clmul, erms, rtm, 3dnowpref, lzcnt, ht, tsc, tscinvbit, bmi1, bmi2, adx, fma

Memory: 4k page, system-wide physical 8030M (895M free)
TotalPageFile size 19321M (AvailPageFile size 2427M)
current process WorkingSet (physical memory assigned to process): 245M, peak: 245M
current process commit charge ("private bytes"): 318M, peak: 318M

vm_info: Java HotSpot(TM) 64-Bit Server VM (11.0.7+8-LTS) for windows-amd64 JRE (11.0.7+8-LTS), built on Mar 12 2020 02:04:32 by "mach5one" with MS VC++ 15.5 (VS2017)

END.
